[$R$:2:0]
[$S$.:2:0]
[$\dist{r,s}$:2:0]
[$k$:12:0]
[$k$,:6:0]
[$r:2:0]
[$s:2:0]
[(\ie,:4:0]
[<:2:0]
[A:6:0]
[AFTER:2:0]
[BY:2:0]
[Cartesian:2:0]
[FROM:2:0]
[For:4:0]
[Hotel:2:0]
[If:2:0]
[In:6:0]
[It:2:0]
[ORDER:2:0]
[On:2:0]
[R$:2:0]
[Restaurant:2:0]
[S$,:2:0]
[S):2:0]
[SELECT:2:0]
[STOP:2:0]
[Since:2:0]
[Specifically,:2:0]
[Then,:2:0]
[This:4:0]
[\Join:2:0]
[\[:2:0]
[\]:2:0]
[\begin{quote}\begin{verbatim}:2:0]
[\dmax{}:10:0]
[\end{verbatim}\end{quote}:2:0]
[\in:4:0]
[\mathcal{D}_{max}}(R:2:0]
[\sigma_{dist(r,s):2:0]
[``It:2:0]
[``best'':2:0]
[a:54:0]
[according:2:0]
[accurate:2:0]
[after:2:0]
[algorithm:2:0]
[all:2:0]
[allow:2:0]
[almost:2:0]
[already'':2:0]
[an:6:0]
[and:22:0]
[and,:2:0]
[answers,:2:0]
[answers.:2:0]
[any:2:0]
[application:2:0]
[applications,:2:0]
[argued:2:0]
[as:4:0]
[associate:2:0]
[at:2:0]
[attribute:2:0]
[attributes,:2:0]
[be:18:0]
[been:2:0]
[best:6:0]
[between:6:0]
[but:2:0]
[by:10:0]
[can:18:0]
[candidate:4:0]
[cardinality:10:0]
[cause:2:0]
[combined:2:0]
[common:2:0]
[consider:2:0]
[contain:2:0]
[cutoff:4:0]
[data:4:0]
[database:4:0]
[databases:2:0]
[decision:2:0]
[decreasing:2:0]
[defined:4:0]
[delay:2:0]
[delivering:2:0]
[determined:2:0]
[different:2:0]
[distance:20:0]
[distance(h.location,:2:0]
[distances:2:0]
[effectively:2:0]
[enough:4:0]
[entire:2:0]
[environments,:2:0]
[estimate:2:0]
[estimating:2:0]
[example,:4:0]
[feature:2:0]
[find:2:0]
[finds:2:0]
[focus:2:0]
[followed:2:0]
[follows::2:0]
[for:10:0]
[formulated:2:0]
[fraction:2:0]
[from:2:0]
[function:2:0]
[given:4:0]
[h,:2:0]
[h.name,:2:0]
[hand,:2:0]
[has:2:0]
[hotels:4:0]
[however,:2:0]
[if:4:0]
[image:2:0]
[impossible:2:0]
[in:12:0]
[incrementally:2:0]
[instead:4:0]
[interact:2:0]
[intermediate:4:0]
[internet:2:0]
[intersect}:2:0]
[introduced:2:0]
[is:20:0]
[it:6:0]
[join:16:0]
[k;:2:0]
[knowledge,:2:0]
[literature.:2:0]
[long:2:0]
[many:4:0]
[matches:2:0]
[may:6:0]
[measure:2:0]
[method:2:0]
[metrics:2:0]
[more:6:0]
[multimedia:2:0]
[nearest:6:0]
[new:2:0]
[no:2:0]
[objects:4:0]
[objects.:4:0]
[obtaining:2:0]
[of:32:0]
[often:2:0]
[on:4:0]
[on-line:2:0]
[one:2:0]
[only:4:0]
[operation:8:0]
[operation.:2:0]
[operations:2:0]
[opportunity:2:0]
[optimization:2:0]
[or:4:0]
[order:2:0]
[other:4:0]
[our:2:0]
[overestimated,:2:0]
[pairs:6:0]
[pairs):2:0]
[pairs,:4:0]
[pairs.:2:0]
[performed:2:0]
[pose:2:0]
[practice,:2:0]
[precisely:2:0]
[predicate:4:0]
[predicted:2:0]
[processed:2:0]
[processing:2:0]
[processing.:2:0]
[produce:2:0]
[product:2:0]
[provides:2:0]
[query:8:0]
[query,:2:0]
[quickly.:2:0]
[quite:2:0]
[r:2:0]
[r.location):2:0]
[r.name:2:0]
[ranking:4:0]
[recently:2:0]
[reduced:4:0]
[relatively:2:0]
[reported:2:0]
[reports:2:0]
[requirement:4:0]
[requirements.:2:0]
[resources:2:0]
[restaurants).:2:0]
[restaurants::2:0]
[results:10:0]
[retrieves:2:0]
[say:2:0]
[search:2:0]
[set:2:0]
[sets:4:0]
[significantly:2:0]
[similarity:2:0]
[small:2:0]
[sort:6:0]
[sorting:4:0]
[space.:2:0]
[spatial:26:0]
[specific:2:0]
[stage:2:0]
[stopping:10:0]
[subsequent:2:0]
[such:4:0]
[support:2:0]
[system:2:0]
[systems:2:0]
[terms:2:0]
[that:8:0]
[the:44:0]
[them.:2:0]
[then:4:0]
[thereby:2:0]
[time:4:0]
[to:24:0]
[too:2:0]
[top:2:0]
[two:6:0]
[type:2:0]
[use:2:0]
[used:2:0]
[users:6:0]
[usually:2:0]
[value:10:0]
[values:2:0]
[various:2:0]
[was:2:0]
[waste:2:0]
[ways:2:0]
[we:2:0]
[well-matchedness.:2:0]
[where:2:0]
[which:2:0]
[will:2:0]
[with:8:0]
[within}:2:0]
[{\tt:4:0]
CPU time to build a(n) BST: 10 millisec
[$R$:2:0]
[$S$.:2:0]
[$\dist{r,s}$:2:0]
[$k$:12:0]
[$k$,:6:0]
[$r:2:0]
[$s:2:0]
[(\ie,:4:0]
[<:2:0]
[A:6:0]
[AFTER:2:0]
[BY:2:0]
[Cartesian:2:0]
[FROM:2:0]
[For:4:0]
[Hotel:2:0]
[If:2:0]
[In:6:0]
[It:2:0]
[ORDER:2:0]
[On:2:0]
[R$:2:0]
[Restaurant:2:0]
[S$,:2:0]
[S):2:0]
[SELECT:2:0]
[STOP:2:0]
[Since:2:0]
[Specifically,:2:0]
[Then,:2:0]
[This:4:0]
[\Join:2:0]
[\[:2:0]
[\]:2:0]
[\begin{quote}\begin{verbatim}:2:0]
[\dmax{}:10:0]
[\end{verbatim}\end{quote}:2:0]
[\in:4:0]
[\mathcal{D}_{max}}(R:2:0]
[\sigma_{dist(r,s):2:0]
[``It:2:0]
[``best'':2:0]
[a:54:0]
[according:2:0]
[accurate:2:0]
[after:2:0]
[algorithm:2:0]
[all:2:0]
[allow:2:0]
[almost:2:0]
[already'':2:0]
[an:6:0]
[and:22:0]
[and,:2:0]
[answers,:2:0]
[answers.:2:0]
[any:2:0]
[application:2:0]
[applications,:2:0]
[argued:2:0]
[as:4:0]
[associate:2:0]
[at:2:0]
[attribute:2:0]
[attributes,:2:0]
[be:18:0]
[been:2:0]
[best:6:0]
[between:6:0]
[but:2:0]
[by:10:0]
[can:18:0]
[candidate:4:0]
[cardinality:10:0]
[cause:2:0]
[combined:2:0]
[common:2:0]
[consider:2:0]
[contain:2:0]
[cutoff:4:0]
[data:4:0]
[database:4:0]
[databases:2:0]
[decision:2:0]
[decreasing:2:0]
[defined:4:0]
[delay:2:0]
[delivering:2:0]
[determined:2:0]
[different:2:0]
[distance:20:0]
[distance(h.location,:2:0]
[distances:2:0]
[effectively:2:0]
[enough:4:0]
[entire:2:0]
[environments,:2:0]
[estimate:2:0]
[estimating:2:0]
[example,:4:0]
[feature:2:0]
[find:2:0]
[finds:2:0]
[focus:2:0]
[followed:2:0]
[follows::2:0]
[for:10:0]
[formulated:2:0]
[fraction:2:0]
[from:2:0]
[function:2:0]
[given:4:0]
[h,:2:0]
[h.name,:2:0]
[hand,:2:0]
[has:2:0]
[hotels:4:0]
[however,:2:0]
[if:4:0]
[image:2:0]
[impossible:2:0]
[in:12:0]
[incrementally:2:0]
[instead:4:0]
[interact:2:0]
[intermediate:4:0]
[internet:2:0]
[intersect}:2:0]
[introduced:2:0]
[is:20:0]
[it:6:0]
[join:16:0]
[k;:2:0]
[knowledge,:2:0]
[literature.:2:0]
[long:2:0]
[many:4:0]
[matches:2:0]
[may:6:0]
[measure:2:0]
[method:2:0]
[metrics:2:0]
[more:6:0]
[multimedia:2:0]
[nearest:6:0]
[new:2:0]
[no:2:0]
[objects:4:0]
[objects.:4:0]
[obtaining:2:0]
[of:32:0]
[often:2:0]
[on:4:0]
[on-line:2:0]
[one:2:0]
[only:4:0]
[operation:8:0]
[operation.:2:0]
[operations:2:0]
[opportunity:2:0]
[optimization:2:0]
[or:4:0]
[order:2:0]
[other:4:0]
[our:2:0]
[overestimated,:2:0]
[pairs:6:0]
[pairs):2:0]
[pairs,:4:0]
[pairs.:2:0]
[performed:2:0]
[pose:2:0]
[practice,:2:0]
[precisely:2:0]
[predicate:4:0]
[predicted:2:0]
[processed:2:0]
[processing:2:0]
[processing.:2:0]
[produce:2:0]
[product:2:0]
[provides:2:0]
[query:8:0]
[query,:2:0]
[quickly.:2:0]
[quite:2:0]
[r:2:0]
[r.location):2:0]
[r.name:2:0]
[ranking:4:0]
[recently:2:0]
[reduced:4:0]
[relatively:2:0]
[reported:2:0]
[reports:2:0]
[requirement:4:0]
[requirements.:2:0]
[resources:2:0]
[restaurants).:2:0]
[restaurants::2:0]
[results:10:0]
[retrieves:2:0]
[say:2:0]
[search:2:0]
[set:2:0]
[sets:4:0]
[significantly:2:0]
[similarity:2:0]
[small:2:0]
[sort:6:0]
[sorting:4:0]
[space.:2:0]
[spatial:26:0]
[specific:2:0]
[stage:2:0]
[stopping:10:0]
[subsequent:2:0]
[such:4:0]
[support:2:0]
[system:2:0]
[systems:2:0]
[terms:2:0]
[that:8:0]
[the:44:0]
[them.:2:0]
[then:4:0]
[thereby:2:0]
[time:4:0]
[to:24:0]
[too:2:0]
[top:2:0]
[two:6:0]
[type:2:0]
[use:2:0]
[used:2:0]
[users:6:0]
[usually:2:0]
[value:10:0]
[values:2:0]
[various:2:0]
[was:2:0]
[waste:2:0]
[ways:2:0]
[we:2:0]
[well-matchedness.:2:0]
[where:2:0]
[which:2:0]
[will:2:0]
[with:8:0]
[within}:2:0]
[{\tt:4:0]
CPU time to build a(n) BST: 3 millisec
[$R$:2:0]
[$S$.:2:0]
[$\dist{r,s}$:2:0]
[$k$:12:0]
[$k$,:6:0]
[$r:2:0]
[$s:2:0]
[(\ie,:4:0]
[<:2:0]
[A:6:0]
[AFTER:2:0]
[BY:2:0]
[Cartesian:2:0]
[FROM:2:0]
[For:4:0]
[Hotel:2:0]
[If:2:0]
[In:6:0]
[It:2:0]
[ORDER:2:0]
[On:2:0]
[R$:2:0]
[Restaurant:2:0]
[S$,:2:0]
[S):2:0]
[SELECT:2:0]
[STOP:2:0]
[Since:2:0]
[Specifically,:2:0]
[Then,:2:0]
[This:4:0]
[\Join:2:0]
[\[:2:0]
[\]:2:0]
[\begin{quote}\begin{verbatim}:2:0]
[\dmax{}:10:0]
[\end{verbatim}\end{quote}:2:0]
[\in:4:0]
[\mathcal{D}_{max}}(R:2:0]
[\sigma_{dist(r,s):2:0]
[``It:2:0]
[``best'':2:0]
[a:54:0]
[according:2:0]
[accurate:2:0]
[after:2:0]
[algorithm:2:0]
[all:2:0]
[allow:2:0]
[almost:2:0]
[already'':2:0]
[an:6:0]
[and:22:0]
[and,:2:0]
[answers,:2:0]
[answers.:2:0]
[any:2:0]
[application:2:0]
[applications,:2:0]
[argued:2:0]
[as:4:0]
[associate:2:0]
[at:2:0]
[attribute:2:0]
[attributes,:2:0]
[be:18:0]
[been:2:0]
[best:6:0]
[between:6:0]
[but:2:0]
[by:10:0]
[can:18:0]
[candidate:4:0]
[cardinality:10:0]
[cause:2:0]
[combined:2:0]
[common:2:0]
[consider:2:0]
[contain:2:0]
[cutoff:4:0]
[data:4:0]
[database:4:0]
[databases:2:0]
[decision:2:0]
[decreasing:2:0]
[defined:4:0]
[delay:2:0]
[delivering:2:0]
[determined:2:0]
[different:2:0]
[distance:20:0]
[distance(h.location,:2:0]
[distances:2:0]
[effectively:2:0]
[enough:4:0]
[entire:2:0]
[environments,:2:0]
[estimate:2:0]
[estimating:2:0]
[example,:4:0]
[feature:2:0]
[find:2:0]
[finds:2:0]
[focus:2:0]
[followed:2:0]
[follows::2:0]
[for:10:0]
[formulated:2:0]
[fraction:2:0]
[from:2:0]
[function:2:0]
[given:4:0]
[h,:2:0]
[h.name,:2:0]
[hand,:2:0]
[has:2:0]
[hotels:4:0]
[however,:2:0]
[if:4:0]
[image:2:0]
[impossible:2:0]
[in:12:0]
[incrementally:2:0]
[instead:4:0]
[interact:2:0]
[intermediate:4:0]
[internet:2:0]
[intersect}:2:0]
[introduced:2:0]
[is:20:0]
[it:6:0]
[join:16:0]
[k;:2:0]
[knowledge,:2:0]
[literature.:2:0]
[long:2:0]
[many:4:0]
[matches:2:0]
[may:6:0]
[measure:2:0]
[method:2:0]
[metrics:2:0]
[more:6:0]
[multimedia:2:0]
[nearest:6:0]
[new:2:0]
[no:2:0]
[objects:4:0]
[objects.:4:0]
[obtaining:2:0]
[of:32:0]
[often:2:0]
[on:4:0]
[on-line:2:0]
[one:2:0]
[only:4:0]
[operation:8:0]
[operation.:2:0]
[operations:2:0]
[opportunity:2:0]
[optimization:2:0]
[or:4:0]
[order:2:0]
[other:4:0]
[our:2:0]
[overestimated,:2:0]
[pairs:6:0]
[pairs):2:0]
[pairs,:4:0]
[pairs.:2:0]
[performed:2:0]
[pose:2:0]
[practice,:2:0]
[precisely:2:0]
[predicate:4:0]
[predicted:2:0]
[processed:2:0]
[processing:2:0]
[processing.:2:0]
[produce:2:0]
[product:2:0]
[provides:2:0]
[query:8:0]
[query,:2:0]
[quickly.:2:0]
[quite:2:0]
[r:2:0]
[r.location):2:0]
[r.name:2:0]
[ranking:4:0]
[recently:2:0]
[reduced:4:0]
[relatively:2:0]
[reported:2:0]
[reports:2:0]
[requirement:4:0]
[requirements.:2:0]
[resources:2:0]
[restaurants).:2:0]
[restaurants::2:0]
[results:10:0]
[retrieves:2:0]
[say:2:0]
[search:2:0]
[set:2:0]
[sets:4:0]
[significantly:2:0]
[similarity:2:0]
[small:2:0]
[sort:6:0]
[sorting:4:0]
[space.:2:0]
[spatial:26:0]
[specific:2:0]
[stage:2:0]
[stopping:10:0]
[subsequent:2:0]
[such:4:0]
[support:2:0]
[system:2:0]
[systems:2:0]
[terms:2:0]
[that:8:0]
[the:44:0]
[them.:2:0]
[then:4:0]
[thereby:2:0]
[time:4:0]
[to:24:0]
[too:2:0]
[top:2:0]
[two:6:0]
[type:2:0]
[use:2:0]
[used:2:0]
[users:6:0]
[usually:2:0]
[value:10:0]
[values:2:0]
[various:2:0]
[was:2:0]
[waste:2:0]
[ways:2:0]
[we:2:0]
[well-matchedness.:2:0]
[where:2:0]
[which:2:0]
[will:2:0]
[with:8:0]
[within}:2:0]
[{\tt:4:0]
CPU time to build a(n) BST: 2 millisec
[$R$:2:0]
[$S$.:2:0]
[$\dist{r,s}$:2:0]
[$k$:12:0]
[$k$,:6:0]
[$r:2:0]
[$s:2:0]
[(\ie,:4:0]
[<:2:0]
[A:6:0]
[AFTER:2:0]
[BY:2:0]
[Cartesian:2:0]
[FROM:2:0]
[For:4:0]
[Hotel:2:0]
[If:2:0]
[In:6:0]
[It:2:0]
[ORDER:2:0]
[On:2:0]
[R$:2:0]
[Restaurant:2:0]
[S$,:2:0]
[S):2:0]
[SELECT:2:0]
[STOP:2:0]
[Since:2:0]
[Specifically,:2:0]
[Then,:2:0]
[This:4:0]
[\Join:2:0]
[\[:2:0]
[\]:2:0]
[\begin{quote}\begin{verbatim}:2:0]
[\dmax{}:10:0]
[\end{verbatim}\end{quote}:2:0]
[\in:4:0]
[\mathcal{D}_{max}}(R:2:0]
[\sigma_{dist(r,s):2:0]
[``It:2:0]
[``best'':2:0]
[a:54:0]
[according:2:0]
[accurate:2:0]
[after:2:0]
[algorithm:2:0]
[all:2:0]
[allow:2:0]
[almost:2:0]
[already'':2:0]
[an:6:0]
[and:22:0]
[and,:2:0]
[answers,:2:0]
[answers.:2:0]
[any:2:0]
[application:2:0]
[applications,:2:0]
[argued:2:0]
[as:4:0]
[associate:2:0]
[at:2:0]
[attribute:2:0]
[attributes,:2:0]
[be:18:0]
[been:2:0]
[best:6:0]
[between:6:0]
[but:2:0]
[by:10:0]
[can:18:0]
[candidate:4:0]
[cardinality:10:0]
[cause:2:0]
[combined:2:0]
[common:2:0]
[consider:2:0]
[contain:2:0]
[cutoff:4:0]
[data:4:0]
[database:4:0]
[databases:2:0]
[decision:2:0]
[decreasing:2:0]
[defined:4:0]
[delay:2:0]
[delivering:2:0]
[determined:2:0]
[different:2:0]
[distance:20:0]
[distance(h.location,:2:0]
[distances:2:0]
[effectively:2:0]
[enough:4:0]
[entire:2:0]
[environments,:2:0]
[estimate:2:0]
[estimating:2:0]
[example,:4:0]
[feature:2:0]
[find:2:0]
[finds:2:0]
[focus:2:0]
[followed:2:0]
[follows::2:0]
[for:10:0]
[formulated:2:0]
[fraction:2:0]
[from:2:0]
[function:2:0]
[given:4:0]
[h,:2:0]
[h.name,:2:0]
[hand,:2:0]
[has:2:0]
[hotels:4:0]
[however,:2:0]
[if:4:0]
[image:2:0]
[impossible:2:0]
[in:12:0]
[incrementally:2:0]
[instead:4:0]
[interact:2:0]
[intermediate:4:0]
[internet:2:0]
[intersect}:2:0]
[introduced:2:0]
[is:20:0]
[it:6:0]
[join:16:0]
[k;:2:0]
[knowledge,:2:0]
[literature.:2:0]
[long:2:0]
[many:4:0]
[matches:2:0]
[may:6:0]
[measure:2:0]
[method:2:0]
[metrics:2:0]
[more:6:0]
[multimedia:2:0]
[nearest:6:0]
[new:2:0]
[no:2:0]
[objects:4:0]
[objects.:4:0]
[obtaining:2:0]
[of:32:0]
[often:2:0]
[on:4:0]
[on-line:2:0]
[one:2:0]
[only:4:0]
[operation:8:0]
[operation.:2:0]
[operations:2:0]
[opportunity:2:0]
[optimization:2:0]
[or:4:0]
[order:2:0]
[other:4:0]
[our:2:0]
[overestimated,:2:0]
[pairs:6:0]
[pairs):2:0]
[pairs,:4:0]
[pairs.:2:0]
[performed:2:0]
[pose:2:0]
[practice,:2:0]
[precisely:2:0]
[predicate:4:0]
[predicted:2:0]
[processed:2:0]
[processing:2:0]
[processing.:2:0]
[produce:2:0]
[product:2:0]
[provides:2:0]
[query:8:0]
[query,:2:0]
[quickly.:2:0]
[quite:2:0]
[r:2:0]
[r.location):2:0]
[r.name:2:0]
[ranking:4:0]
[recently:2:0]
[reduced:4:0]
[relatively:2:0]
[reported:2:0]
[reports:2:0]
[requirement:4:0]
[requirements.:2:0]
[resources:2:0]
[restaurants).:2:0]
[restaurants::2:0]
[results:10:0]
[retrieves:2:0]
[say:2:0]
[search:2:0]
[set:2:0]
[sets:4:0]
[significantly:2:0]
[similarity:2:0]
[small:2:0]
[sort:6:0]
[sorting:4:0]
[space.:2:0]
[spatial:26:0]
[specific:2:0]
[stage:2:0]
[stopping:10:0]
[subsequent:2:0]
[such:4:0]
[support:2:0]
[system:2:0]
[systems:2:0]
[terms:2:0]
[that:8:0]
[the:44:0]
[them.:2:0]
[then:4:0]
[thereby:2:0]
[time:4:0]
[to:24:0]
[too:2:0]
[top:2:0]
[two:6:0]
[type:2:0]
[use:2:0]
[used:2:0]
[users:6:0]
[usually:2:0]
[value:10:0]
[values:2:0]
[various:2:0]
[was:2:0]
[waste:2:0]
[ways:2:0]
[we:2:0]
[well-matchedness.:2:0]
[where:2:0]
[which:2:0]
[will:2:0]
[with:8:0]
[within}:2:0]
[{\tt:4:0]
CPU time to build a(n) AVL: 3 millisec
Number of words in the BST: 251 (number of insertions: 1000)
Sum of Weighted Path Lengths (BST): 8606
[$R$:0:8]
[$S$.:0:4]
[$\dist{r,s}$:0:12]
[$k$:0:68]
[$k$,:0:20]
[$r:0:8]
[$s:0:4]
[(\ie,:0:32]
[<:0:4]
[A:0:2000]
[AFTER:0:4]
[BY:0:12]
[Cartesian:0:4]
[FROM:0:16]
[For:0:32]
[Hotel:0:8]
[If:0:4]
[In:0:272]
[It:0:4]
[ORDER:0:16]
[On:0:4]
[R$:0:8]
[Restaurant:0:28]
[S$,:0:4]
[S):0:8]
[SELECT:0:36]
[STOP:0:4]
[Since:0:48]
[Specifically,:0:8]
[Then,:0:4]
[This:0:120]
[\Join:0:4]
[\[:0:12]
[\]:0:4]
[\begin{quote}\begin{verbatim}:0:56]
[\dmax{}:0:20]
[\end{verbatim}\end{quote}:0:40]
[\in:0:8]
[\mathcal{D}_{max}}(R:0:12]
[\sigma_{dist(r,s):0:16]
[``It:0:60]
[``best'':0:64]
[a:0:228]
[according:0:396]
[accurate:0:4]
[after:0:16]
[algorithm:0:8]
[all:0:4]
[allow:0:40]
[almost:0:4]
[already'':0:20]
[an:0:12]
[and:0:100]
[and,:0:4]
[answers,:0:8]
[answers.:0:16]
[any:0:4]
[application:0:120]
[applications,:0:16]
[argued:0:4]
[as:0:12]
[associate:0:608]
[at:0:8]
[attribute:0:4]
[attributes,:0:64]
[be:0:52]
[been:0:4]
[best:0:16]
[between:0:80]
[but:0:4]
[by:0:192]
[can:0:92]
[candidate:0:8]
[cardinality:0:32]
[cause:0:4]
[combined:0:36]
[common:0:56]
[consider:0:16]
[contain:0:4]
[cutoff:0:12]
[data:0:208]
[database:0:8]
[databases:0:644]
[decision:0:8]
[decreasing:0:4]
[defined:0:32]
[delay:0:4]
[delivering:0:12]
[determined:0:4]
[different:0:16]
[distance:0:1500]
[distance(h.location,:0:4]
[distances:0:212]
[effectively:0:16]
[enough:0:12]
[entire:0:4]
[environments,:0:28]
[estimate:0:8]
[estimating:0:4]
[example,:0:60]
[feature:0:24]
[find:0:4]
[finds:0:20]
[focus:0:12]
[followed:0:4]
[follows::0:8]
[for:0:140]
[formulated:0:4]
[fraction:0:12]
[from:0:4]
[function:0:60]
[given:0:8]
[h,:0:12]
[h.name,:0:24]
[hand,:0:4]
[has:0:8]
[hotels:0:44]
[however,:0:4]
[if:0:12]
[image:0:148]
[impossible:0:4]
[in:0:204]
[incrementally:0:24]
[instead:0:8]
[interact:0:20]
[intermediate:0:8]
[internet:0:32]
[intersect}:0:4]
[introduced:0:268]
[is:0:52]
[it:0:12]
[join:0:816]
[k;:0:16]
[knowledge,:0:12]
[literature.:0:8]
[long:0:4]
[many:0:52]
[matches:0:16]
[may:0:12]
[measure:0:24]
[method:0:4]
[metrics:0:28]
[more:0:188]
[multimedia:0:44]
[nearest:0:12]
[new:0:20]
[no:0:4]
[objects:0:40]
[objects.:0:8]
[obtaining:0:12]
[of:0:124]
[often:0:4]
[on:0:12]
[on-line:0:16]
[one:0:200]
[only:0:8]
[operation:0:516]
[operation.:0:4]
[operations:0:16]
[opportunity:0:8]
[optimization:0:4]
[or:0:172]
[order:0:4]
[other:0:148]
[our:0:8]
[overestimated,:0:4]
[pairs:0:40]
[pairs):0:20]
[pairs,:0:16]
[pairs.:0:4]
[performed:0:8]
[pose:0:112]
[practice,:0:4]
[precisely:0:16]
[predicate:0:8]
[predicted:0:20]
[processed:0:24]
[processing:0:28]
[processing.:0:40]
[produce:0:8]
[product:0:4]
[provides:0:44]
[query:0:68]
[query,:0:4]
[quickly.:0:8]
[quite:0:136]
[r:0:8]
[r.location):0:4]
[r.name:0:12]
[ranking:0:20]
[recently:0:300]
[reduced:0:16]
[relatively:0:8]
[reported:0:4]
[reports:0:28]
[requirement:0:8]
[requirements.:0:80]
[resources:0:12]
[restaurants).:0:4]
[restaurants::0:8]
[results:0:40]
[retrieves:0:4]
[say:0:8]
[search:0:48]
[set:0:4]
[sets:0:124]
[significantly:0:4]
[similarity:0:36]
[small:0:24]
[sort:0:12]
[sorting:0:20]
[space.:0:28]
[spatial:0:1920]
[specific:0:52]
[stage:0:4]
[stopping:0:28]
[subsequent:0:4]
[such:0:48]
[support:0:12]
[system:0:4]
[systems:0:8]
[terms:0:160]
[that:0:104]
[the:0:88]
[them.:0:184]
[then:0:8]
[thereby:0:12]
[time:0:20]
[to:0:308]
[too:0:4]
[top:0:8]
[two:0:28]
[type:0:8]
[use:0:4]
[used:0:44]
[users:0:12]
[usually:0:76]
[value:0:20]
[values:0:24]
[various:0:28]
[was:0:368]
[waste:0:4]
[ways:0:56]
[we:0:4]
[well-matchedness.:0:48]
[where:0:12]
[which:0:4]
[will:0:8]
[with:0:40]
[within}:0:4]
[{\tt:0:12]
Total number of node accesses (BST): 17212 (failed searches: 0)
CPU time for searching keys (BST): 4 millisec
Sum of Weighted Path Lengths (AVL): 6778
[$R$:0:8]
[$S$.:0:4]
[$\dist{r,s}$:0:36]
[$k$:0:24]
[$k$,:0:68]
[$r:0:8]
[$s:0:4]
[(\ie,:0:20]
[<:0:4]
[A:0:112]
[AFTER:0:4]
[BY:0:12]
[Cartesian:0:4]
[FROM:0:32]
[For:0:8]
[Hotel:0:16]
[If:0:4]
[In:0:172]
[It:0:4]
[ORDER:0:16]
[On:0:4]
[R$:0:8]
[Restaurant:0:28]
[S$,:0:4]
[S):0:8]
[SELECT:0:48]
[STOP:0:4]
[Since:0:16]
[Specifically,:0:8]
[Then,:0:4]
[This:0:456]
[\Join:0:4]
[\[:0:36]
[\]:0:4]
[\begin{quote}\begin{verbatim}:0:28]
[\dmax{}:0:20]
[\end{verbatim}\end{quote}:0:60]
[\in:0:8]
[\mathcal{D}_{max}}(R:0:12]
[\sigma_{dist(r,s):0:20]
[``It:0:4]
[``best'':0:276]
[a:0:108]
[according:0:116]
[accurate:0:4]
[after:0:128]
[algorithm:0:8]
[all:0:4]
[allow:0:212]
[almost:0:4]
[already'':0:20]
[an:0:12]
[and:0:80]
[and,:0:4]
[answers,:0:8]
[answers.:0:16]
[any:0:4]
[application:0:1032]
[applications,:0:8]
[argued:0:4]
[as:0:28]
[associate:0:4]
[at:0:12]
[attribute:0:4]
[attributes,:0:100]
[be:0:36]
[been:0:52]
[best:0:12]
[between:0:68]
[but:0:4]
[by:0:264]
[can:0:44]
[candidate:0:8]
[cardinality:0:72]
[cause:0:4]
[combined:0:8]
[common:0:108]
[consider:0:4]
[contain:0:16]
[cutoff:0:8]
[data:0:32]
[database:0:8]
[databases:0:144]
[decision:0:8]
[decreasing:0:4]
[defined:0:32]
[delay:0:4]
[delivering:0:8]
[determined:0:16]
[different:0:4]
[distance:0:572]
[distance(h.location,:0:4]
[distances:0:8]
[effectively:0:36]
[enough:0:8]
[entire:0:24]
[environments,:0:4]
[estimate:0:12]
[estimating:0:4]
[example,:0:68]
[feature:0:8]
[find:0:4]
[finds:0:24]
[focus:0:4]
[followed:0:12]
[follows::0:4]
[for:0:268]
[formulated:0:4]
[fraction:0:12]
[from:0:4]
[function:0:28]
[given:0:8]
[h,:0:12]
[h.name,:0:60]
[hand,:0:4]
[has:0:16]
[hotels:0:8]
[however,:0:28]
[if:0:8]
[image:0:180]
[impossible:0:4]
[in:0:28]
[incrementally:0:40]
[instead:0:8]
[interact:0:116]
[intermediate:0:8]
[internet:0:16]
[intersect}:0:4]
[introduced:0:72]
[is:0:52]
[it:0:12]
[join:0:2000]
[k;:0:4]
[knowledge,:0:24]
[literature.:0:4]
[long:0:16]
[many:0:8]
[matches:0:52]
[may:0:12]
[measure:0:24]
[method:0:4]
[metrics:0:8]
[more:0:88]
[multimedia:0:4]
[nearest:0:24]
[new:0:8]
[no:0:4]
[objects:0:200]
[objects.:0:8]
[obtaining:0:12]
[of:0:104]
[often:0:4]
[on:0:12]
[on-line:0:28]
[one:0:12]
[only:0:8]
[operation:0:388]
[operation.:0:4]
[operations:0:8]
[opportunity:0:28]
[optimization:0:4]
[or:0:16]
[order:0:4]
[other:0:76]
[our:0:4]
[overestimated,:0:20]
[pairs:0:12]
[pairs):0:40]
[pairs,:0:8]
[pairs.:0:16]
[performed:0:4]
[pose:0:124]
[practice,:0:4]
[precisely:0:8]
[predicate:0:20]
[predicted:0:4]
[processed:0:44]
[processing:0:4]
[processing.:0:20]
[produce:0:4]
[product:0:12]
[provides:0:4]
[query:0:172]
[query,:0:4]
[quickly.:0:8]
[quite:0:32]
[r:0:8]
[r.location):0:4]
[r.name:0:20]
[ranking:0:8]
[recently:0:936]
[reduced:0:8]
[relatively:0:16]
[reported:0:4]
[reports:0:28]
[requirement:0:8]
[requirements.:0:44]
[resources:0:4]
[restaurants).:0:12]
[restaurants::0:4]
[results:0:124]
[retrieves:0:4]
[say:0:16]
[search:0:8]
[set:0:4]
[sets:0:60]
[significantly:0:4]
[similarity:0:8]
[small:0:36]
[sort:0:12]
[sorting:0:24]
[space.:0:4]
[spatial:0:544]
[specific:0:8]
[stage:0:4]
[stopping:0:32]
[subsequent:0:4]
[such:0:52]
[support:0:4]
[system:0:12]
[systems:0:4]
[terms:0:184]
[that:0:16]
[the:0:104]
[them.:0:128]
[then:0:8]
[thereby:0:20]
[time:0:8]
[to:0:368]
[too:0:4]
[top:0:20]
[two:0:12]
[type:0:44]
[use:0:4]
[used:0:20]
[users:0:12]
[usually:0:84]
[value:0:20]
[values:0:28]
[various:0:4]
[was:0:36]
[waste:0:4]
[ways:0:136]
[we:0:4]
[well-matchedness.:0:8]
[where:0:48]
[which:0:4]
[will:0:24]
[with:0:16]
[within}:0:36]
[{\tt:0:8]
Total number of node accesses (AVL): 13556 (failed searches: 0)
CPU time for searching keys (AVL): 2 millisec
CPU time to convert to an NOBST: 1 millisec
Sum of Weighted Path Lengths (NOBST): 6228
[$R$:0:4]
[$S$.:0:12]
[$\dist{r,s}$:0:4]
[$k$:0:52]
[$k$,:0:16]
[$r:0:4]
[$s:0:112]
[(\ie,:0:8]
[<:0:24]
[A:0:12]
[AFTER:0:56]
[BY:0:4]
[Cartesian:0:12]
[FROM:0:4]
[For:0:28]
[Hotel:0:8]
[If:0:4]
[In:0:240]
[It:0:8]
[ORDER:0:4]
[On:0:24]
[R$:0:4]
[Restaurant:0:12]
[S$,:0:4]
[S):0:56]
[SELECT:0:4]
[STOP:0:12]
[Since:0:4]
[Specifically,:0:28]
[Then,:0:4]
[This:0:12]
[\Join:0:116]
[\[:0:4]
[\]:0:12]
[\begin{quote}\begin{verbatim}:0:4]
[\dmax{}:0:56]
[\end{verbatim}\end{quote}:0:4]
[\in:0:12]
[\mathcal{D}_{max}}(R:0:24]
[\sigma_{dist(r,s):0:8]
[``It:0:4]
[``best'':0:488]
[a:0:120]
[according:0:4]
[accurate:0:12]
[after:0:4]
[algorithm:0:244]
[all:0:4]
[allow:0:12]
[almost:0:4]
[already'':0:28]
[an:0:12]
[and:0:120]
[and,:0:8]
[answers,:0:4]
[answers.:0:20]
[any:0:8]
[application:0:4]
[applications,:0:48]
[argued:0:4]
[as:0:12]
[associate:0:24]
[at:0:8]
[attribute:0:4]
[attributes,:0:980]
[be:0:40]
[been:0:4]
[best:0:88]
[between:0:12]
[but:0:36]
[by:0:20]
[can:0:232]
[candidate:0:8]
[cardinality:0:48]
[cause:0:8]
[combined:0:4]
[common:0:20]
[consider:0:8]
[contain:0:4]
[cutoff:0:108]
[data:0:8]
[database:0:24]
[databases:0:8]
[decision:0:4]
[decreasing:0:52]
[defined:0:8]
[delay:0:24]
[delivering:0:4]
[determined:0:12]
[different:0:4]
[distance:0:488]
[distance(h.location,:0:8]
[distances:0:4]
[effectively:0:20]
[enough:0:8]
[entire:0:48]
[environments,:0:8]
[estimate:0:4]
[estimating:0:24]
[example,:0:12]
[feature:0:4]
[find:0:104]
[finds:0:4]
[focus:0:16]
[followed:0:8]
[follows::0:4]
[for:0:52]
[formulated:0:4]
[fraction:0:16]
[from:0:8]
[function:0:4]
[given:0:216]
[h,:0:4]
[h.name,:0:16]
[hand,:0:8]
[has:0:4]
[hotels:0:44]
[however,:0:4]
[if:0:20]
[image:0:8]
[impossible:0:4]
[in:0:104]
[incrementally:0:4]
[instead:0:16]
[interact:0:4]
[intermediate:0:36]
[internet:0:4]
[intersect}:0:12]
[introduced:0:4]
[is:0:2000]
[it:0:12]
[join:0:52]
[k;:0:8]
[knowledge,:0:4]
[literature.:0:112]
[long:0:4]
[many:0:12]
[matches:0:28]
[may:0:12]
[measure:0:56]
[method:0:8]
[metrics:0:4]
[more:0:24]
[multimedia:0:4]
[nearest:0:236]
[new:0:8]
[no:0:4]
[objects:0:28]
[objects.:0:12]
[obtaining:0:4]
[of:0:112]
[often:0:4]
[on:0:20]
[on-line:0:8]
[one:0:4]
[only:0:480]
[operation:0:24]
[operation.:0:8]
[operations:0:4]
[opportunity:0:56]
[optimization:0:4]
[or:0:12]
[order:0:28]
[other:0:12]
[our:0:4]
[overestimated,:0:116]
[pairs:0:12]
[pairs):0:24]
[pairs,:0:8]
[pairs.:0:56]
[performed:0:4]
[pose:0:12]
[practice,:0:4]
[precisely:0:28]
[predicate:0:12]
[predicted:0:4]
[processed:0:236]
[processing:0:8]
[processing.:0:4]
[produce:0:20]
[product:0:8]
[provides:0:4]
[query:0:56]
[query,:0:8]
[quickly.:0:4]
[quite:0:20]
[r:0:8]
[r.location):0:4]
[r.name:0:116]
[ranking:0:8]
[recently:0:24]
[reduced:0:12]
[relatively:0:4]
[reported:0:56]
[reports:0:4]
[requirement:0:12]
[requirements.:0:28]
[resources:0:4]
[restaurants).:0:12]
[restaurants::0:4]
[results:0:980]
[retrieves:0:4]
[say:0:12]
[search:0:4]
[set:0:28]
[sets:0:12]
[significantly:0:4]
[similarity:0:60]
[small:0:4]
[sort:0:28]
[sorting:0:12]
[space.:0:4]
[spatial:0:184]
[specific:0:8]
[stage:0:4]
[stopping:0:32]
[subsequent:0:4]
[such:0:72]
[support:0:4]
[system:0:12]
[systems:0:4]
[terms:0:32]
[that:0:16]
[the:0:480]
[them.:0:4]
[then:0:12]
[thereby:0:24]
[time:0:8]
[to:0:100]
[too:0:8]
[top:0:4]
[two:0:28]
[type:0:8]
[use:0:4]
[used:0:208]
[users:0:16]
[usually:0:4]
[value:0:48]
[values:0:4]
[various:0:12]
[was:0:4]
[waste:0:104]
[ways:0:8]
[we:0:4]
[well-matchedness.:0:20]
[where:0:8]
[which:0:4]
[will:0:52]
[with:0:16]
[within}:0:28]
[{\tt:0:8]
Total number of node accesses (NOBST): 12456 (failed searches: 0)
CPU time for searching keys (NOBST): 2 millisec
CPU time to convert to an OBST: 7 millisec
Sum of Weighted Path Lengths (OBST): 5802
[$R$:0:4]
[$S$.:0:12]
[$\dist{r,s}$:0:4]
[$k$:0:36]
[$k$,:0:112]
[$r:0:8]
[$s:0:4]
[(\ie,:0:20]
[<:0:4]
[A:0:64]
[AFTER:0:4]
[BY:0:16]
[Cartesian:0:8]
[FROM:0:4]
[For:0:32]
[Hotel:0:8]
[If:0:4]
[In:0:244]
[It:0:4]
[ORDER:0:16]
[On:0:8]
[R$:0:4]
[Restaurant:0:48]
[S$,:0:4]
[S):0:12]
[SELECT:0:4]
[STOP:0:28]
[Since:0:4]
[Specifically,:0:12]
[Then,:0:4]
[This:0:120]
[\Join:0:4]
[\[:0:16]
[\]:0:8]
[\begin{quote}\begin{verbatim}:0:4]
[\dmax{}:0:64]
[\end{verbatim}\end{quote}:0:4]
[\in:0:28]
[\mathcal{D}_{max}}(R:0:4]
[\sigma_{dist(r,s):0:16]
[``It:0:8]
[``best'':0:4]
[a:0:580]
[according:0:4]
[accurate:0:16]
[after:0:8]
[algorithm:0:4]
[all:0:44]
[allow:0:4]
[almost:0:12]
[already'':0:4]
[an:0:24]
[and:0:228]
[and,:0:4]
[answers,:0:12]
[answers.:0:4]
[any:0:28]
[application:0:4]
[applications,:0:12]
[argued:0:4]
[as:0:52]
[associate:0:4]
[at:0:16]
[attribute:0:8]
[attributes,:0:4]
[be:0:140]
[been:0:4]
[best:0:16]
[between:0:52]
[but:0:4]
[by:0:24]
[can:0:1172]
[candidate:0:8]
[cardinality:0:48]
[cause:0:4]
[combined:0:20]
[common:0:4]
[consider:0:12]
[contain:0:4]
[cutoff:0:108]
[data:0:8]
[database:0:28]
[databases:0:4]
[decision:0:12]
[decreasing:0:4]
[defined:0:52]
[delay:0:4]
[delivering:0:16]
[determined:0:8]
[different:0:4]
[distance:0:304]
[distance(h.location,:0:4]
[distances:0:12]
[effectively:0:4]
[enough:0:36]
[entire:0:4]
[environments,:0:16]
[estimate:0:8]
[estimating:0:4]
[example,:0:68]
[feature:0:8]
[find:0:4]
[finds:0:24]
[focus:0:4]
[followed:0:12]
[follows::0:4]
[for:0:156]
[formulated:0:4]
[fraction:0:16]
[from:0:8]
[function:0:4]
[given:0:40]
[h,:0:4]
[h.name,:0:16]
[hand,:0:8]
[has:0:4]
[hotels:0:68]
[however,:0:4]
[if:0:20]
[image:0:8]
[impossible:0:4]
[in:0:556]
[incrementally:0:4]
[instead:0:16]
[interact:0:4]
[intermediate:0:36]
[internet:0:4]
[intersect}:0:12]
[introduced:0:4]
[is:0:88]
[it:0:12]
[join:0:228]
[k;:0:4]
[knowledge,:0:16]
[literature.:0:8]
[long:0:4]
[many:0:52]
[matches:0:4]
[may:0:28]
[measure:0:4]
[method:0:12]
[metrics:0:4]
[more:0:108]
[multimedia:0:4]
[nearest:0:24]
[new:0:8]
[no:0:4]
[objects:0:44]
[objects.:0:12]
[obtaining:0:4]
[of:0:2000]
[often:0:4]
[on:0:28]
[on-line:0:4]
[one:0:16]
[only:0:8]
[operation:0:88]
[operation.:0:4]
[operations:0:16]
[opportunity:0:8]
[optimization:0:4]
[or:0:44]
[order:0:4]
[other:0:20]
[our:0:8]
[overestimated,:0:4]
[pairs:0:168]
[pairs):0:4]
[pairs,:0:16]
[pairs.:0:4]
[performed:0:32]
[pose:0:4]
[practice,:0:12]
[precisely:0:4]
[predicate:0:68]
[predicted:0:4]
[processed:0:12]
[processing:0:4]
[processing.:0:28]
[produce:0:4]
[product:0:12]
[provides:0:4]
[query:0:344]
[query,:0:4]
[quickly.:0:12]
[quite:0:4]
[r:0:36]
[r.location):0:8]
[r.name:0:4]
[ranking:0:20]
[recently:0:4]
[reduced:0:80]
[relatively:0:4]
[reported:0:12]
[reports:0:4]
[requirement:0:36]
[requirements.:0:4]
[resources:0:16]
[restaurants).:0:8]
[restaurants::0:4]
[results:0:160]
[retrieves:0:4]
[say:0:16]
[search:0:8]
[set:0:4]
[sets:0:60]
[significantly:0:4]
[similarity:0:12]
[small:0:4]
[sort:0:36]
[sorting:0:12]
[space.:0:4]
[spatial:0:764]
[specific:0:8]
[stage:0:4]
[stopping:0:32]
[subsequent:0:4]
[such:0:72]
[support:0:4]
[system:0:16]
[systems:0:8]
[terms:0:4]
[that:0:32]
[the:0:184]
[them.:0:4]
[then:0:24]
[thereby:0:4]
[time:0:12]
[to:0:368]
[too:0:8]
[top:0:4]
[two:0:48]
[type:0:4]
[use:0:12]
[used:0:4]
[users:0:28]
[usually:0:4]
[value:0:136]
[values:0:8]
[various:0:4]
[was:0:24]
[waste:0:4]
[ways:0:12]
[we:0:4]
[well-matchedness.:0:68]
[where:0:4]
[which:0:12]
[will:0:4]
[with:0:40]
[within}:0:4]
[{\tt:0:12]
Total number of node accesses (OBST): 11604 (failed searches: 0)
CPU time for searching keys (OBST): 2 millisec
Memory consumption: 31709032 bytes
